<?xml version="1.0" encoding="UTF-8"?>
<!-- Generated by org.testng.reporters.JUnitXMLReporter -->
<testsuite hostname="LAPTOP-O2PFH35H" name="NE Testing" tests="1" failures="1" timestamp="22 Aug 2022 10:26:31 GMT" time="16.782" errors="0">
  <testcase name="" time="16.12" classname="runners.SanityRunner">
    <failure type="cucumber.runtime.CucumberException" message="org.openqa.selenium.WebDriverException: Returned value cannot be converted to WebElement: {stacktrace=Backtrace:
	Ordinal0 [0x00602A33+2501171]
	Ordinal0 [0x0059D1C1+2085313]
	Ordinal0 [0x004A1E70+1056368]
	Ordinal0 [0x004C1860+1185888]
	Ordinal0 [0x004E55C7+1332679]
	Ordinal0 [0x004E363A+1324602]
	Ordinal0 [0x004E31E9+1323497]
	Ordinal0 [0x00484CAF+937135]
	Ordinal0 [0x004851B6+938422]
	Ordinal0 [0x00485491+939153]
	GetHandleVerifier [0x0077EFE6+1504438]
	GetHandleVerifier [0x0082DDA5+2220661]
	GetHandleVerifier [0x00685589+481881]
	GetHandleVerifier [0x00684639+477961]
	Ordinal0 [0x005A28BD+2107581]
	Ordinal0 [0x00484A47+936519]
	Ordinal0 [0x00484440+934976]
	GetHandleVerifier [0x00858A2C+2395900]
	BaseThreadInitThunk [0x75F36739+25]
	RtlGetFullPathName_UEx [0x773390AF+1215]
	RtlGetFullPathName_UEx [0x7733907D+1165]
, error=invalid session id, message=invalid session id}
Build info: version: &amp;apos;3.0.1&amp;apos;, revision: &amp;apos;1969d75&amp;apos;, time: &amp;apos;2016-10-18 09:49:13 -0700&amp;apos;
System info: host: &amp;apos;LAPTOP-O2PFH35H&amp;apos;, ip: &amp;apos;192.168.1.2&amp;apos;, os.name: &amp;apos;Windows 10&amp;apos;, os.arch: &amp;apos;amd64&amp;apos;, os.version: &amp;apos;10.0&amp;apos;, java.version: &amp;apos;1.8.0_311&amp;apos;
Driver info: driver.version: RemoteWebDriver">
      <![CDATA[cucumber.runtime.CucumberException: org.openqa.selenium.WebDriverException: Returned value cannot be converted to WebElement: {stacktrace=Backtrace:
	Ordinal0 [0x00602A33+2501171]
	Ordinal0 [0x0059D1C1+2085313]
	Ordinal0 [0x004A1E70+1056368]
	Ordinal0 [0x004C1860+1185888]
	Ordinal0 [0x004E55C7+1332679]
	Ordinal0 [0x004E363A+1324602]
	Ordinal0 [0x004E31E9+1323497]
	Ordinal0 [0x00484CAF+937135]
	Ordinal0 [0x004851B6+938422]
	Ordinal0 [0x00485491+939153]
	GetHandleVerifier [0x0077EFE6+1504438]
	GetHandleVerifier [0x0082DDA5+2220661]
	GetHandleVerifier [0x00685589+481881]
	GetHandleVerifier [0x00684639+477961]
	Ordinal0 [0x005A28BD+2107581]
	Ordinal0 [0x00484A47+936519]
	Ordinal0 [0x00484440+934976]
	GetHandleVerifier [0x00858A2C+2395900]
	BaseThreadInitThunk [0x75F36739+25]
	RtlGetFullPathName_UEx [0x773390AF+1215]
	RtlGetFullPathName_UEx [0x7733907D+1165]
, error=invalid session id, message=invalid session id}
Build info: version: '3.0.1', revision: '1969d75', time: '2016-10-18 09:49:13 -0700'
System info: host: 'LAPTOP-O2PFH35H', ip: '192.168.1.2', os.name: 'Windows 10', os.arch: 'amd64', os.version: '10.0', java.version: '1.8.0_311'
Driver info: driver.version: RemoteWebDriver
	at cucumber.api.testng.TestNGCucumberRunner.runCucumber(TestNGCucumberRunner.java:69)
	at cucumber.api.testng.AbstractTestNGCucumberTests.feature(AbstractTestNGCucumberTests.java:21)
	at java.util.concurrent.ThreadPoolExecutor.runWorker(Unknown Source)
	at java.util.concurrent.ThreadPoolExecutor$Worker.run(Unknown Source)
	at java.lang.Thread.run(Unknown Source)
Caused by: org.openqa.selenium.WebDriverException: Returned value cannot be converted to WebElement: {stacktrace=Backtrace:
	Ordinal0 [0x00602A33+2501171]
	Ordinal0 [0x0059D1C1+2085313]
	Ordinal0 [0x004A1E70+1056368]
	Ordinal0 [0x004C1860+1185888]
	Ordinal0 [0x004E55C7+1332679]
	Ordinal0 [0x004E363A+1324602]
	Ordinal0 [0x004E31E9+1323497]
	Ordinal0 [0x00484CAF+937135]
	Ordinal0 [0x004851B6+938422]
	Ordinal0 [0x00485491+939153]
	GetHandleVerifier [0x0077EFE6+1504438]
	GetHandleVerifier [0x0082DDA5+2220661]
	GetHandleVerifier [0x00685589+481881]
	GetHandleVerifier [0x00684639+477961]
	Ordinal0 [0x005A28BD+2107581]
	Ordinal0 [0x00484A47+936519]
	Ordinal0 [0x00484440+934976]
	GetHandleVerifier [0x00858A2C+2395900]
	BaseThreadInitThunk [0x75F36739+25]
	RtlGetFullPathName_UEx [0x773390AF+1215]
	RtlGetFullPathName_UEx [0x7733907D+1165]
, error=invalid session id, message=invalid session id}
Build info: version: '3.0.1', revision: '1969d75', time: '2016-10-18 09:49:13 -0700'
System info: host: 'LAPTOP-O2PFH35H', ip: '192.168.1.2', os.name: 'Windows 10', os.arch: 'amd64', os.version: '10.0', java.version: '1.8.0_311'
Driver info: driver.version: RemoteWebDriver
	at org.openqa.selenium.remote.RemoteWebDriver.findElement(RemoteWebDriver.java:375)
	at org.openqa.selenium.remote.RemoteWebDriver.findElementByXPath(RemoteWebDriver.java:473)
	at org.openqa.selenium.By$ByXPath.findElement(By.java:361)
	at org.openqa.selenium.remote.RemoteWebDriver.findElement(RemoteWebDriver.java:360)
	at pagefactory.HomePage.enter_Name(HomePage.java:32)
	at stepdef.HomepageSteps.i_enter_and_click_populate_button(HomepageSteps.java:34)
	at âœ½.And I enter "Peter" and click populate button(src/test/resources/features/submit.feature:6)
Caused by: java.lang.ClassCastException: com.google.common.collect.Maps$TransformedEntriesMap cannot be cast to org.openqa.selenium.WebElement
	at org.openqa.selenium.remote.RemoteWebDriver.findElement(RemoteWebDriver.java:373)
	at org.openqa.selenium.remote.RemoteWebDriver.findElementByXPath(RemoteWebDriver.java:473)
	at org.openqa.selenium.By$ByXPath.findElement(By.java:361)
	at org.openqa.selenium.remote.RemoteWebDriver.findElement(RemoteWebDriver.java:360)
	at pagefactory.HomePage.enter_Name(HomePage.java:32)
	at stepdef.HomepageSteps.i_enter_and_click_populate_button(HomepageSteps.java:34)
	at cucumber.runtime.Utils$1.call(Utils.java:37)
	at cucumber.runtime.Timeout.timeout(Timeout.java:13)
	at cucumber.runtime.Utils.invoke(Utils.java:31)
	at cucumber.runtime.java.JavaStepDefinition.execute(JavaStepDefinition.java:38)
	at cucumber.runtime.StepDefinitionMatch.runStep(StepDefinitionMatch.java:37)
	at cucumber.runtime.Runtime.runStep(Runtime.java:299)
	at cucumber.runtime.model.StepContainer.runStep(StepContainer.java:44)
	at cucumber.runtime.model.StepContainer.runSteps(StepContainer.java:39)
	at cucumber.runtime.model.CucumberScenario.run(CucumberScenario.java:44)
	at cucumber.runtime.model.CucumberScenarioOutline.run(CucumberScenarioOutline.java:46)
	at cucumber.runtime.model.CucumberFeature.run(CucumberFeature.java:165)
	at cucumber.api.testng.TestNGCucumberRunner.runCucumber(TestNGCucumberRunner.java:63)
	at cucumber.api.testng.AbstractTestNGCucumberTests.feature(AbstractTestNGCucumberTests.java:21)
	at java.util.concurrent.ThreadPoolExecutor.runWorker(Unknown Source)
	at java.util.concurrent.ThreadPoolExecutor$Worker.run(Unknown Source)
	at java.lang.Thread.run(Unknown Source)
... Removed 24 stack frames]]>
    </failure>
  </testcase> <!--  -->
</testsuite> <!-- NE Testing -->
